Proceso: Santander -- Fecha: 2024-02-05T14:55:46 -- Archivo: archive/UPM_SANTANDER_PAYROLL_UY_050224145328.xml
Respuesta: <?xml version="1.0" encoding="utf-8"?><!-- Approval required --><!-- Processing time: 3 ms --><!-- Validation result: OK/OK --><Document xmlns="urn:iso:std:iso:20022:tech:xsd:pain.002.001.03"><CstmrPmtStsRpt><GrpHdr><MsgId>BTM-RSP-1707155746669-T</MsgId><CreDtTm>2024-02-05T17:55:46Z</CreDtTm></GrpHdr><OrgnlGrpInfAndSts><OrgnlMsgId>166BLANVIRA20240205145537</OrgnlMsgId><OrgnlMsgNmId>pain.001.001.03</OrgnlMsgNmId><OrgnlNbOfTxs>1</OrgnlNbOfTxs><GrpSts>ACTC</GrpSts></OrgnlGrpInfAndSts></CstmrPmtStsRpt></Document>
Data: <table class="table text-center"><thead><tr><th scope="col">LID</th><th scope="col">Pagos</th><th scope="col">$ Total</th><th scope="col">Company</th><th scope="col">Message ID</th><th scope="col"                           >Fecha</th></tr></thead><tbody><tr><td>166</td><td>1</td><td>$1,00</td><td>Blanvira S.A.</td><td>166BLANVIRA</td><td>Feb, 06</td></tr></tbody></table>

Proceso: Santander -- Fecha: 2024-01-18T09:33:05 -- Archivo: archive/UPM_SANTANDER_PAYROLL_UY_180124092857.xml
Respuesta: <?xml version="1.0" encoding="utf-8"?><!-- Approval required --><!-- Processing time: 1 ms --><!-- Validation result: OK/OK --><Document xmlns="urn:iso:std:iso:20022:tech:xsd:pain.002.001.03"><CstmrPmtStsRpt><GrpHdr><MsgId>BTM-RSP-1705581185721-P</MsgId><CreDtTm>2024-01-18T12:33:05Z</CreDtTm></GrpHdr><OrgnlGrpInfAndSts><OrgnlMsgId>168CUECAR20240118093255</OrgnlMsgId><OrgnlMsgNmId>pain.001.001.03</OrgnlMsgNmId><OrgnlNbOfTxs>5</OrgnlNbOfTxs><GrpSts>ACTC</GrpSts></OrgnlGrpInfAndSts></CstmrPmtStsRpt></Document>
Data: <table class="table text-center"><thead><tr><th scope="col">LID</th><th scope="col">Pagos</th><th scope="col">$ Total</th><th scope="col">Company</th><th scope="col">Message ID</th><th scope="col"                           >Fecha</th></tr></thead><tbody><tr><td>168</td><td>5</td><td>$5,00</td><td>Cuecar S.A.</td><td>168CUECAR</td><td>Jan, 18</td></tr></tbody></table>

Proceso: Santander -- Fecha: 2024-01-18T09:32:44 -- Archivo: archive/UPM_SANTANDER_PAYROLL_UY_180124092750.xml
Respuesta: <?xml version="1.0" encoding="utf-8"?><!-- Approval required --><!-- Processing time: 2 ms --><!-- Validation result: OK/OK --><Document xmlns="urn:iso:std:iso:20022:tech:xsd:pain.002.001.03"><CstmrPmtStsRpt><GrpHdr><MsgId>BTM-RSP-1705581164094-P</MsgId><CreDtTm>2024-01-18T12:32:44Z</CreDtTm></GrpHdr><OrgnlGrpInfAndSts><OrgnlMsgId>167TEBETUR20240118093235</OrgnlMsgId><OrgnlMsgNmId>pain.001.001.03</OrgnlMsgNmId><OrgnlNbOfTxs>5</OrgnlNbOfTxs><GrpSts>ACTC</GrpSts></OrgnlGrpInfAndSts></CstmrPmtStsRpt></Document>
Data: <table class="table text-center"><thead><tr><th scope="col">LID</th><th scope="col">Pagos</th><th scope="col">$ Total</th><th scope="col">Company</th><th scope="col">Message ID</th><th scope="col"                           >Fecha</th></tr></thead><tbody><tr><td>167</td><td>5</td><td>$5,00</td><td>Tebetur S.A.</td><td>167TEBETUR</td><td>Jan, 18</td></tr></tbody></table>

Proceso: Santander -- Fecha: 2024-01-18T09:32:18 -- Archivo: archive/UPM_SANTANDER_PAYROLL_UY_180124092611.xml
Respuesta: <?xml version="1.0" encoding="utf-8"?><!-- Approval required --><!-- Processing time: 1 ms --><!-- Validation result: OK/OK --><Document xmlns="urn:iso:std:iso:20022:tech:xsd:pain.002.001.03"><CstmrPmtStsRpt><GrpHdr><MsgId>BTM-RSP-1705581138423-P</MsgId><CreDtTm>2024-01-18T12:32:18Z</CreDtTm></GrpHdr><OrgnlGrpInfAndSts><OrgnlMsgId>166BLANVIRA20240118093206</OrgnlMsgId><OrgnlMsgNmId>pain.001.001.03</OrgnlMsgNmId><OrgnlNbOfTxs>5</OrgnlNbOfTxs><GrpSts>ACTC</GrpSts></OrgnlGrpInfAndSts></CstmrPmtStsRpt></Document>
Data: <table class="table text-center"><thead><tr><th scope="col">LID</th><th scope="col">Pagos</th><th scope="col">$ Total</th><th scope="col">Company</th><th scope="col">Message ID</th><th scope="col"                           >Fecha</th></tr></thead><tbody><tr><td>166</td><td>5</td><td>$5,00</td><td>Blanvira S.A.</td><td>166BLANVIRA</td><td>Jan, 18</td></tr></tbody></table>

Proceso: Santander -- Fecha: 2024-01-18T09:31:55 -- Archivo: archive/UPM_SANTANDER_PAYROLL_UY_180124092427.xml
Respuesta: <?xml version="1.0" encoding="utf-8"?><!-- Approval required --><!-- Processing time: 1 ms --><!-- Validation result: OK/OK --><Document xmlns="urn:iso:std:iso:20022:tech:xsd:pain.002.001.03"><CstmrPmtStsRpt><GrpHdr><MsgId>BTM-RSP-1705581115686-P</MsgId><CreDtTm>2024-01-18T12:31:55Z</CreDtTm></GrpHdr><OrgnlGrpInfAndSts><OrgnlMsgId>165BIOFUELS20240118093147</OrgnlMsgId><OrgnlMsgNmId>pain.001.001.03</OrgnlMsgNmId><OrgnlNbOfTxs>5</OrgnlNbOfTxs><GrpSts>ACTC</GrpSts></OrgnlGrpInfAndSts></CstmrPmtStsRpt></Document>
Data: <table class="table text-center"><thead><tr><th scope="col">LID</th><th scope="col">Pagos</th><th scope="col">$ Total</th><th scope="col">Company</th><th scope="col">Message ID</th><th scope="col"                           >Fecha</th></tr></thead><tbody><tr><td>165</td><td>5</td><td>$5,00</td><td>UPM Biofuels S.A.</td><td>165BIOFUELS</td><td>Jan, 18</td></tr></tbody></table>

Proceso: Santander -- Fecha: 2024-01-18T09:31:31 -- Archivo: archive/UPM_SANTANDER_PAYROLL_UY_180124092218.xml
Respuesta: <?xml version="1.0" encoding="utf-8"?><!-- Approval required --><!-- Processing time: 1 ms --><!-- Validation result: OK/OK --><Document xmlns="urn:iso:std:iso:20022:tech:xsd:pain.002.001.03"><CstmrPmtStsRpt><GrpHdr><MsgId>BTM-RSP-1705581091163-P</MsgId><CreDtTm>2024-01-18T12:31:31Z</CreDtTm></GrpHdr><OrgnlGrpInfAndSts><OrgnlMsgId>164URUWOOD20240118093124</OrgnlMsgId><OrgnlMsgNmId>pain.001.001.03</OrgnlMsgNmId><OrgnlNbOfTxs>5</OrgnlNbOfTxs><GrpSts>ACTC</GrpSts></OrgnlGrpInfAndSts></CstmrPmtStsRpt></Document>
Data: <table class="table text-center"><thead><tr><th scope="col">LID</th><th scope="col">Pagos</th><th scope="col">$ Total</th><th scope="col">Company</th><th scope="col">Message ID</th><th scope="col"                           >Fecha</th></tr></thead><tbody><tr><td>164</td><td>5</td><td>$5,00</td><td>Uruwood S.A. </td><td>164URUWOOD</td><td>Jan, 18</td></tr></tbody></table>

Proceso: Santander -- Fecha: 2024-01-18T09:31:13 -- Archivo: archive/UPM_SANTANDER_PAYROLL_UY_180124091949.xml
Respuesta: <?xml version="1.0" encoding="utf-8"?><!-- Approval required --><!-- Processing time: 1 ms --><!-- Validation result: OK/OK --><Document xmlns="urn:iso:std:iso:20022:tech:xsd:pain.002.001.03"><CstmrPmtStsRpt><GrpHdr><MsgId>BTM-RSP-1705581073555-P</MsgId><CreDtTm>2024-01-18T12:31:13Z</CreDtTm></GrpHdr><OrgnlGrpInfAndSts><OrgnlMsgId>163FRAYBENTOS20240118093105</OrgnlMsgId><OrgnlMsgNmId>pain.001.001.03</OrgnlMsgNmId><OrgnlNbOfTxs>5</OrgnlNbOfTxs><GrpSts>ACTC</GrpSts></OrgnlGrpInfAndSts></CstmrPmtStsRpt></Document>
Data: <table class="table text-center"><thead><tr><th scope="col">LID</th><th scope="col">Pagos</th><th scope="col">$ Total</th><th scope="col">Company</th><th scope="col">Message ID</th><th scope="col"                           >Fecha</th></tr></thead><tbody><tr><td>163</td><td>5</td><td>$5,00</td><td>UPM Fray Bentos S.A.</td><td>163FRAYBENTOS</td><td>Jan, 18</td></tr></tbody></table>

Proceso: Santander -- Fecha: 2024-01-18T09:30:55 -- Archivo: archive/UPM_SANTANDER_PAYROLL_UY_180124091818.xml
Respuesta: <?xml version="1.0" encoding="utf-8"?><!-- Approval required --><!-- Processing time: 1 ms --><!-- Validation result: OK/OK --><Document xmlns="urn:iso:std:iso:20022:tech:xsd:pain.002.001.03"><CstmrPmtStsRpt><GrpHdr><MsgId>BTM-RSP-1705581055241-P</MsgId><CreDtTm>2024-01-18T12:30:55Z</CreDtTm></GrpHdr><OrgnlGrpInfAndSts><OrgnlMsgId>161FOSA20240118093044</OrgnlMsgId><OrgnlMsgNmId>pain.001.001.03</OrgnlMsgNmId><OrgnlNbOfTxs>5</OrgnlNbOfTxs><GrpSts>ACTC</GrpSts></OrgnlGrpInfAndSts></CstmrPmtStsRpt></Document>
Data: <table class="table text-center"><thead><tr><th scope="col">LID</th><th scope="col">Pagos</th><th scope="col">$ Total</th><th scope="col">Company</th><th scope="col">Message ID</th><th scope="col"                           >Fecha</th></tr></thead><tbody><tr><td>161</td><td>5</td><td>$5,00</td><td>Forestal Oriental S.A.</td><td>161FOSA</td><td>Jan, 18</td></tr></tbody></table>

Proceso: Santander -- Fecha: 2024-01-18T09:30:32 -- Archivo: archive/UPM_SANTANDER_PAYROLL_UY_180124091615.xml
Respuesta: <?xml version="1.0" encoding="utf-8"?><!-- Approval required --><!-- Processing time: 3 ms --><!-- Validation result: OK/OK --><Document xmlns="urn:iso:std:iso:20022:tech:xsd:pain.002.001.03"><CstmrPmtStsRpt><GrpHdr><MsgId>BTM-RSP-1705581032127-P</MsgId><CreDtTm>2024-01-18T12:30:32Z</CreDtTm></GrpHdr><OrgnlGrpInfAndSts><OrgnlMsgId>160UPMSA20240118093023</OrgnlMsgId><OrgnlMsgNmId>pain.001.001.03</OrgnlMsgNmId><OrgnlNbOfTxs>5</OrgnlNbOfTxs><GrpSts>ACTC</GrpSts></OrgnlGrpInfAndSts></CstmrPmtStsRpt></Document>
Data: <table class="table text-center"><thead><tr><th scope="col">LID</th><th scope="col">Pagos</th><th scope="col">$ Total</th><th scope="col">Company</th><th scope="col">Message ID</th><th scope="col"                           >Fecha</th></tr></thead><tbody><tr><td>160</td><td>5</td><td>$5,00</td><td>UPM S.A.</td><td>160UPMSA</td><td>Jan, 18</td></tr></tbody></table>

Error: Contable 2024-01-17T22:54:46 -- Archivo: archive/SALARIOS-20240117225345.xml -- 

Error: Contable 2024-01-17T22:52:59 -- Archivo: archive/SALARIOS-20240117225114.xml -- 

Error: Contable 2024-01-16T18:30:40 -- Archivo: archive/SALARIOS-20240116182340.xml -- 

Error: Contable 2024-01-16T10:43:44 -- Archivo: archive/SALARIOS-20240116104242.xml -- 

Error: Contable 2024-01-16T10:30:04 -- Archivo: archive/SALARIOS-20240116102459.xml -- 

Proceso: Santander -- Fecha: 2024-01-16T08:33:23 -- Archivo: archive/UPM_SANTANDER_PAYROLL_UY_160124083119.xml
Respuesta: <?xml version="1.0" encoding="utf-8"?><!-- Approval required --><!-- Processing time: 1 ms --><!-- Validation result: OK/OK --><Document xmlns="urn:iso:std:iso:20022:tech:xsd:pain.002.001.03"><CstmrPmtStsRpt><GrpHdr><MsgId>BTM-RSP-1705404802924-P</MsgId><CreDtTm>2024-01-16T11:33:22Z</CreDtTm></GrpHdr><OrgnlGrpInfAndSts><OrgnlMsgId>166BLANVIRA20240116083317</OrgnlMsgId><OrgnlMsgNmId>pain.001.001.03</OrgnlMsgNmId><OrgnlNbOfTxs>5</OrgnlNbOfTxs><GrpSts>ACTC</GrpSts></OrgnlGrpInfAndSts></CstmrPmtStsRpt></Document>
Data: <table class="table text-center"><thead><tr><th scope="col">LID</th><th scope="col">Pagos</th><th scope="col">$ Total</th><th scope="col">Company</th><th scope="col">Message ID</th><th scope="col"                           >Fecha</th></tr></thead><tbody><tr><td>166</td><td>5</td><td>$5,00</td><td>Blanvira S.A.</td><td>166BLANVIRA</td><td>Jan, 17</td></tr></tbody></table>

Proceso: Santander -- Fecha: 2024-01-15T21:05:48 -- Archivo: archive/UPM_SANTANDER_PAYROLL_UY_150124210309.xml
Respuesta: <?xml version="1.0" encoding="utf-8"?><!-- Approval required --><!-- Processing time: 1 ms --><!-- Validation result: OK/OK --><Document xmlns="urn:iso:std:iso:20022:tech:xsd:pain.002.001.03"><CstmrPmtStsRpt><GrpHdr><MsgId>BTM-RSP-1705363548396-P</MsgId><CreDtTm>2024-01-16T00:05:48Z</CreDtTm></GrpHdr><OrgnlGrpInfAndSts><OrgnlMsgId>161FOSA20240115210543</OrgnlMsgId><OrgnlMsgNmId>pain.001.001.03</OrgnlMsgNmId><OrgnlNbOfTxs>5</OrgnlNbOfTxs><GrpSts>ACTC</GrpSts></OrgnlGrpInfAndSts></CstmrPmtStsRpt></Document>
Data: <table class="table text-center"><thead><tr><th scope="col">LID</th><th scope="col">Pagos</th><th scope="col">$ Total</th><th scope="col">Company</th><th scope="col">Message ID</th><th scope="col"                           >Fecha</th></tr></thead><tbody><tr><td>161</td><td>5</td><td>$5,00</td><td>Forestal Oriental S.A.</td><td>161FOSA</td><td>Jan, 17</td></tr></tbody></table>

Proceso: Santander -- Fecha: 2024-01-15T10:45:48 -- Archivo: archive/UPM_SANTANDER_PAYROLL_UY_150124104341.xml
Respuesta: <?xml version="1.0" encoding="utf-8"?><!-- Approval required --><!-- Processing time: 2 ms --><!-- Validation result: OK/OK --><Document xmlns="urn:iso:std:iso:20022:tech:xsd:pain.002.001.03"><CstmrPmtStsRpt><GrpHdr><MsgId>BTM-RSP-1705326348295-P</MsgId><CreDtTm>2024-01-15T13:45:48Z</CreDtTm></GrpHdr><OrgnlGrpInfAndSts><OrgnlMsgId>166BLANVIRA20240115104542</OrgnlMsgId><OrgnlMsgNmId>pain.001.001.03</OrgnlMsgNmId><OrgnlNbOfTxs>5</OrgnlNbOfTxs><GrpSts>ACTC</GrpSts></OrgnlGrpInfAndSts></CstmrPmtStsRpt></Document>
Data: <table class="table text-center"><thead><tr><th scope="col">LID</th><th scope="col">Pagos</th><th scope="col">$ Total</th><th scope="col">Company</th><th scope="col">Message ID</th><th scope="col"                           >Fecha</th></tr></thead><tbody><tr><td>166</td><td>5</td><td>$5,00</td><td>Blanvira S.A.</td><td>166BLANVIRA</td><td>Jan, 16</td></tr></tbody></table>

Proceso: Santander -- Fecha: 2024-01-15T10:45:25 -- Archivo: archive/UPM_SANTANDER_PAYROLL_UY_150124104053.xml
Respuesta: <?xml version="1.0" encoding="utf-8"?><!-- Approval required --><!-- Processing time: 2 ms --><!-- Validation result: OK/OK --><Document xmlns="urn:iso:std:iso:20022:tech:xsd:pain.002.001.03"><CstmrPmtStsRpt><GrpHdr><MsgId>BTM-RSP-1705326325149-P</MsgId><CreDtTm>2024-01-15T13:45:25Z</CreDtTm></GrpHdr><OrgnlGrpInfAndSts><OrgnlMsgId>163FRAYBENTOS20240115104519</OrgnlMsgId><OrgnlMsgNmId>pain.001.001.03</OrgnlMsgNmId><OrgnlNbOfTxs>5</OrgnlNbOfTxs><GrpSts>ACTC</GrpSts></OrgnlGrpInfAndSts></CstmrPmtStsRpt></Document>
Data: <table class="table text-center"><thead><tr><th scope="col">LID</th><th scope="col">Pagos</th><th scope="col">$ Total</th><th scope="col">Company</th><th scope="col">Message ID</th><th scope="col"                           >Fecha</th></tr></thead><tbody><tr><td>163</td><td>5</td><td>$5,00</td><td>UPM Fray Bentos S.A.</td><td>163FRAYBENTOS</td><td>Jan, 15</td></tr></tbody></table>

Error: Contable 2024-01-10T22:37:22 -- Archivo: archive/SALARIOS-20240110223714.xml -- 

Error: Contable 2024-01-09T12:06:33 -- Archivo: archive/PROVISION SV-20240109120613.xml -- 

Error: Contable 2024-01-09T12:06:32 -- Archivo: archive/PROVISION LICENCIA-20240109120613.xml -- 

Error: Contable 2024-01-09T12:06:30 -- Archivo: archive/PROVISION AGUINALDO-20240109120613.xml -- 

Error: Contable 2024-01-09T12:06:28 -- Archivo: archive/APORTES PATRONALES-20240109120613.xml -- 

Error: Contable 2024-01-09T12:06:26 -- Archivo: archive/SALARIOS-20240109120613.xml -- 

Error: Contable 2024-01-05T13:05:43 -- Archivo: archive/PROVISION SV-20240105130520.xml -- <ErrorMessage><error>Delivery to SAP unsuccessful. Please contact UPM integration team.</error></ErrorMessage>

Error: Contable 2024-01-05T13:05:41 -- Archivo: archive/PROVISION LICENCIA-20240105130520.xml -- <ErrorMessage><error>Delivery to SAP unsuccessful. Please contact UPM integration team.</error></ErrorMessage>

Error: Contable 2024-01-05T13:05:39 -- Archivo: archive/PROVISION AGUINALDO-20240105130520.xml -- <ErrorMessage><error>Delivery to SAP unsuccessful. Please contact UPM integration team.</error></ErrorMessage>

Error: Contable 2024-01-05T13:05:38 -- Archivo: archive/APORTES PATRONALES-20240105130520.xml -- <ErrorMessage><error>Delivery to SAP unsuccessful. Please contact UPM integration team.</error></ErrorMessage>

Error: Contable 2024-01-05T13:05:36 -- Archivo: archive/SALARIOS-20240105130520.xml -- <ErrorMessage><error>Delivery to SAP unsuccessful. Please contact UPM integration team.</error></ErrorMessage>

Error: Contable 2024-01-03T10:30:36 -- Archivo: archive/PROVISION SV-20240103103012.xml -- <ErrorMessage><error>Delivery to SAP unsuccessful. Please contact UPM integration team.</error></ErrorMessage>

Error: Contable 2024-01-03T10:30:34 -- Archivo: archive/PROVISION LICENCIA-20240103103012.xml -- <ErrorMessage><error>Delivery to SAP unsuccessful. Please contact UPM integration team.</error></ErrorMessage>

Error: Contable 2024-01-03T10:30:30 -- Archivo: archive/PROVISION AGUINALDO-20240103103012.xml -- <ErrorMessage><error>Delivery to SAP unsuccessful. Please contact UPM integration team.</error></ErrorMessage>

Error: Contable 2024-01-03T10:30:28 -- Archivo: archive/APORTES PATRONALES-20240103103012.xml -- <ErrorMessage><error>Delivery to SAP unsuccessful. Please contact UPM integration team.</error></ErrorMessage>

Error: Contable 2024-01-03T10:30:26 -- Archivo: archive/SALARIOS-20240103103012.xml -- <ErrorMessage><error>Delivery to SAP unsuccessful. Please contact UPM integration team.</error></ErrorMessage>

Proceso: Santander -- Fecha: 2024-01-03T08:18:32 -- Archivo: archive/UPM_SANTANDER_PAYROLL_UY_030124081454.xml
Respuesta: <?xml version="1.0" encoding="utf-8"?><!-- Approval required --><!-- Processing time: 2 ms --><!-- Validation result: OK/OK --><Document xmlns="urn:iso:std:iso:20022:tech:xsd:pain.002.001.03"><CstmrPmtStsRpt><GrpHdr><MsgId>BTM-RSP-1704280712575-P</MsgId><CreDtTm>2024-01-03T11:18:32Z</CreDtTm></GrpHdr><OrgnlGrpInfAndSts><OrgnlMsgId>168CUECAR20240103081821</OrgnlMsgId><OrgnlMsgNmId>pain.001.001.03</OrgnlMsgNmId><OrgnlNbOfTxs>5</OrgnlNbOfTxs><GrpSts>ACTC</GrpSts></OrgnlGrpInfAndSts></CstmrPmtStsRpt></Document>
Data: <table class="table text-center"><thead><tr><th scope="col">LID</th><th scope="col">Pagos</th><th scope="col">$ Total</th><th scope="col">Company</th><th scope="col">Message ID</th><th scope="col"                           >Fecha</th></tr></thead><tbody><tr><td>168</td><td>5</td><td>$5,00</td><td>Cuecar S.A.</td><td>168CUECAR</td><td>Jan, 05</td></tr></tbody></table>

Proceso: Santander -- Fecha: 2024-01-03T08:18:13 -- Archivo: archive/UPM_SANTANDER_PAYROLL_UY_030124081145.xml
Respuesta: <?xml version="1.0" encoding="utf-8"?><!-- Approval required --><!-- Processing time: 2 ms --><!-- Validation result: OK/OK --><Document xmlns="urn:iso:std:iso:20022:tech:xsd:pain.002.001.03"><CstmrPmtStsRpt><GrpHdr><MsgId>BTM-RSP-1704280692898-P</MsgId><CreDtTm>2024-01-03T11:18:12Z</CreDtTm></GrpHdr><OrgnlGrpInfAndSts><OrgnlMsgId>167TEBETUR20240103081755</OrgnlMsgId><OrgnlMsgNmId>pain.001.001.03</OrgnlMsgNmId><OrgnlNbOfTxs>5</OrgnlNbOfTxs><GrpSts>ACTC</GrpSts></OrgnlGrpInfAndSts></CstmrPmtStsRpt></Document>
Data: <table class="table text-center"><thead><tr><th scope="col">LID</th><th scope="col">Pagos</th><th scope="col">$ Total</th><th scope="col">Company</th><th scope="col">Message ID</th><th scope="col"                           >Fecha</th></tr></thead><tbody><tr><td>167</td><td>5</td><td>$5,00</td><td>Tebetur S.A.</td><td>167TEBETUR</td><td>Jan, 05</td></tr></tbody></table>

Proceso: Santander -- Fecha: 2024-01-03T08:17:46 -- Archivo: archive/UPM_SANTANDER_PAYROLL_UY_030124081100.xml
Respuesta: <?xml version="1.0" encoding="utf-8"?><!-- Approval required --><!-- Processing time: 1 ms --><!-- Validation result: OK/OK --><Document xmlns="urn:iso:std:iso:20022:tech:xsd:pain.002.001.03"><CstmrPmtStsRpt><GrpHdr><MsgId>BTM-RSP-1704280665895-P</MsgId><CreDtTm>2024-01-03T11:17:45Z</CreDtTm></GrpHdr><OrgnlGrpInfAndSts><OrgnlMsgId>166BLANVIRA20240103081739</OrgnlMsgId><OrgnlMsgNmId>pain.001.001.03</OrgnlMsgNmId><OrgnlNbOfTxs>5</OrgnlNbOfTxs><GrpSts>ACTC</GrpSts></OrgnlGrpInfAndSts></CstmrPmtStsRpt></Document>
Data: <table class="table text-center"><thead><tr><th scope="col">LID</th><th scope="col">Pagos</th><th scope="col">$ Total</th><th scope="col">Company</th><th scope="col">Message ID</th><th scope="col"                           >Fecha</th></tr></thead><tbody><tr><td>166</td><td>5</td><td>$5,00</td><td>Blanvira S.A.</td><td>166BLANVIRA</td><td>Jan, 05</td></tr></tbody></table>

Proceso: Santander -- Fecha: 2024-01-03T08:17:30 -- Archivo: archive/UPM_SANTANDER_PAYROLL_UY_030124081006.xml
Respuesta: <?xml version="1.0" encoding="utf-8"?><!-- Approval required --><!-- Processing time: 1 ms --><!-- Validation result: OK/OK --><Document xmlns="urn:iso:std:iso:20022:tech:xsd:pain.002.001.03"><CstmrPmtStsRpt><GrpHdr><MsgId>BTM-RSP-1704280650801-P</MsgId><CreDtTm>2024-01-03T11:17:30Z</CreDtTm></GrpHdr><OrgnlGrpInfAndSts><OrgnlMsgId>165BIOFUELS20240103081722</OrgnlMsgId><OrgnlMsgNmId>pain.001.001.03</OrgnlMsgNmId><OrgnlNbOfTxs>5</OrgnlNbOfTxs><GrpSts>ACTC</GrpSts></OrgnlGrpInfAndSts></CstmrPmtStsRpt></Document>
Data: <table class="table text-center"><thead><tr><th scope="col">LID</th><th scope="col">Pagos</th><th scope="col">$ Total</th><th scope="col">Company</th><th scope="col">Message ID</th><th scope="col"                           >Fecha</th></tr></thead><tbody><tr><td>165</td><td>5</td><td>$5,00</td><td>UPM Biofuels S.A.</td><td>165BIOFUELS</td><td>Jan, 05</td></tr></tbody></table>

Proceso: Santander -- Fecha: 2024-01-03T08:17:12 -- Archivo: archive/UPM_SANTANDER_PAYROLL_UY_030124080906.xml
Respuesta: <?xml version="1.0" encoding="utf-8"?><!-- Approval required --><!-- Processing time: 1 ms --><!-- Validation result: OK/OK --><Document xmlns="urn:iso:std:iso:20022:tech:xsd:pain.002.001.03"><CstmrPmtStsRpt><GrpHdr><MsgId>BTM-RSP-1704280632386-P</MsgId><CreDtTm>2024-01-03T11:17:12Z</CreDtTm></GrpHdr><OrgnlGrpInfAndSts><OrgnlMsgId>164URUWOOD20240103081706</OrgnlMsgId><OrgnlMsgNmId>pain.001.001.03</OrgnlMsgNmId><OrgnlNbOfTxs>5</OrgnlNbOfTxs><GrpSts>ACTC</GrpSts></OrgnlGrpInfAndSts></CstmrPmtStsRpt></Document>
Data: <table class="table text-center"><thead><tr><th scope="col">LID</th><th scope="col">Pagos</th><th scope="col">$ Total</th><th scope="col">Company</th><th scope="col">Message ID</th><th scope="col"                           >Fecha</th></tr></thead><tbody><tr><td>164</td><td>5</td><td>$5,00</td><td>Uruwood S.A. </td><td>164URUWOOD</td><td>Jan, 05</td></tr></tbody></table>

Proceso: Santander -- Fecha: 2024-01-03T08:16:55 -- Archivo: archive/UPM_SANTANDER_PAYROLL_UY_030124080720.xml
Respuesta: <?xml version="1.0" encoding="utf-8"?><!-- Approval required --><!-- Processing time: 1 ms --><!-- Validation result: OK/OK --><Document xmlns="urn:iso:std:iso:20022:tech:xsd:pain.002.001.03"><CstmrPmtStsRpt><GrpHdr><MsgId>BTM-RSP-1704280615838-P</MsgId><CreDtTm>2024-01-03T11:16:55Z</CreDtTm></GrpHdr><OrgnlGrpInfAndSts><OrgnlMsgId>163FRAYBENTOS20240103081648</OrgnlMsgId><OrgnlMsgNmId>pain.001.001.03</OrgnlMsgNmId><OrgnlNbOfTxs>5</OrgnlNbOfTxs><GrpSts>ACTC</GrpSts></OrgnlGrpInfAndSts></CstmrPmtStsRpt></Document>
Data: <table class="table text-center"><thead><tr><th scope="col">LID</th><th scope="col">Pagos</th><th scope="col">$ Total</th><th scope="col">Company</th><th scope="col">Message ID</th><th scope="col"                           >Fecha</th></tr></thead><tbody><tr><td>163</td><td>5</td><td>$5,00</td><td>UPM Fray Bentos S.A.</td><td>163FRAYBENTOS</td><td>Jan, 05</td></tr></tbody></table>

Proceso: Santander -- Fecha: 2024-01-03T08:16:20 -- Archivo: archive/UPM_SANTANDER_PAYROLL_UY_030124080631.xml
Respuesta: <?xml version="1.0" encoding="utf-8"?><!-- Approval required --><!-- Processing time: 6 ms --><!-- Validation result: OK/OK --><Document xmlns="urn:iso:std:iso:20022:tech:xsd:pain.002.001.03"><CstmrPmtStsRpt><GrpHdr><MsgId>BTM-RSP-1704280580164-P</MsgId><CreDtTm>2024-01-03T11:16:20Z</CreDtTm></GrpHdr><OrgnlGrpInfAndSts><OrgnlMsgId>161FOSA20240103081605</OrgnlMsgId><OrgnlMsgNmId>pain.001.001.03</OrgnlMsgNmId><OrgnlNbOfTxs>5</OrgnlNbOfTxs><GrpSts>ACTC</GrpSts></OrgnlGrpInfAndSts></CstmrPmtStsRpt></Document>
Data: <table class="table text-center"><thead><tr><th scope="col">LID</th><th scope="col">Pagos</th><th scope="col">$ Total</th><th scope="col">Company</th><th scope="col">Message ID</th><th scope="col"                           >Fecha</th></tr></thead><tbody><tr><td>161</td><td>5</td><td>$5,00</td><td>Forestal Oriental S.A.</td><td>161FOSA</td><td>Jan, 05</td></tr></tbody></table>

Error: Contable 2023-12-29T18:37:42 -- Archivo: archive/PROVISION SV-20231229183617.xml -- <ErrorMessage><error>Delivery to SAP unsuccessful. Please contact UPM integration team.</error></ErrorMessage>

Error: Contable 2023-12-29T18:37:41 -- Archivo: archive/PROVISION LICENCIA-20231229183617.xml -- <ErrorMessage><error>Delivery to SAP unsuccessful. Please contact UPM integration team.</error></ErrorMessage>

Error: Contable 2023-12-29T18:37:39 -- Archivo: archive/PROVISION AGUINALDO-20231229183617.xml -- <ErrorMessage><error>Delivery to SAP unsuccessful. Please contact UPM integration team.</error></ErrorMessage>

Error: Contable 2023-12-29T18:37:37 -- Archivo: archive/APORTES PATRONALES-20231229183617.xml -- <ErrorMessage><error>Delivery to SAP unsuccessful. Please contact UPM integration team.</error></ErrorMessage>

Error: Contable 2023-12-29T18:37:36 -- Archivo: archive/SALARIOS-20231229183617.xml -- <ErrorMessage><error>Delivery to SAP unsuccessful. Please contact UPM integration team.</error></ErrorMessage>

Error: Contable 2023-12-29T09:55:38 -- Archivo: archive/PROVISION SV-20231229095527.xml -- <ErrorMessage><error>Delivery to SAP unsuccessful. Please contact UPM integration team.</error></ErrorMessage>

Error: Contable 2023-12-29T09:55:36 -- Archivo: archive/PROVISION LICENCIA-20231229095527.xml -- <ErrorMessage><error>Delivery to SAP unsuccessful. Please contact UPM integration team.</error></ErrorMessage>

Error: Contable 2023-12-29T09:55:35 -- Archivo: archive/PROVISION AGUINALDO-20231229095527.xml -- <ErrorMessage><error>Delivery to SAP unsuccessful. Please contact UPM integration team.</error></ErrorMessage>

Error: Contable 2023-12-29T09:55:33 -- Archivo: archive/APORTES PATRONALES-20231229095527.xml -- <ErrorMessage><error>Delivery to SAP unsuccessful. Please contact UPM integration team.</error></ErrorMessage>

Error: Contable 2023-12-29T09:55:31 -- Archivo: archive/SALARIOS-20231229095527.xml -- <ErrorMessage><error>Delivery to SAP unsuccessful. Please contact UPM integration team.</error></ErrorMessage>

Error: Contable 2023-12-29T09:54:42 -- Archivo: archive/PROVISION SV-20231229095430.xml -- <ErrorMessage><error>Delivery to SAP unsuccessful. Please contact UPM integration team.</error></ErrorMessage>

Error: Contable 2023-12-29T09:54:40 -- Archivo: archive/PROVISION LICENCIA-20231229095430.xml -- <ErrorMessage><error>Delivery to SAP unsuccessful. Please contact UPM integration team.</error></ErrorMessage>

Error: Contable 2023-12-29T09:54:38 -- Archivo: archive/PROVISION AGUINALDO-20231229095430.xml -- <ErrorMessage><error>Delivery to SAP unsuccessful. Please contact UPM integration team.</error></ErrorMessage>

Error: Contable 2023-12-29T09:54:37 -- Archivo: archive/APORTES PATRONALES-20231229095430.xml -- <ErrorMessage><error>Delivery to SAP unsuccessful. Please contact UPM integration team.</error></ErrorMessage>

Error: Contable 2023-12-29T09:54:35 -- Archivo: archive/SALARIOS-20231229095430.xml -- <ErrorMessage><error>Delivery to SAP unsuccessful. Please contact UPM integration team.</error></ErrorMessage>

Error: Contable 2023-12-21T07:53:59 -- Archivo: archive/PROVISION SV-20231221075249.xml -- <?xml version="1.0" encoding="UTF-8"?><NS1:Envelope xmlns:NS1="http://schemas.xmlsoap.org/soap/envelope/"><NS1:Body><NS1:Fault><faultcode>E5004</faultcode><faultstring>Payment Upload Interface Error (Not valid XML or other technical error)</faultstring><faultactor>Client.Payload</faultactor><detail/></NS1:Fault></NS1:Body></NS1:Envelope>

Error: Contable 2023-12-21T07:53:57 -- Archivo: archive/PROVISION LICENCIA-20231221075249.xml -- <?xml version="1.0" encoding="UTF-8"?><NS1:Envelope xmlns:NS1="http://schemas.xmlsoap.org/soap/envelope/"><NS1:Body><NS1:Fault><faultcode>E5004</faultcode><faultstring>Payment Upload Interface Error (Not valid XML or other technical error)</faultstring><faultactor>Client.Payload</faultactor><detail/></NS1:Fault></NS1:Body></NS1:Envelope>

Error: Contable 2023-12-21T07:53:56 -- Archivo: archive/PROVISION AGUINALDO-20231221075249.xml -- <?xml version="1.0" encoding="UTF-8"?><NS1:Envelope xmlns:NS1="http://schemas.xmlsoap.org/soap/envelope/"><NS1:Body><NS1:Fault><faultcode>E5004</faultcode><faultstring>Payment Upload Interface Error (Not valid XML or other technical error)</faultstring><faultactor>Client.Payload</faultactor><detail/></NS1:Fault></NS1:Body></NS1:Envelope>

Error: Contable 2023-12-21T07:53:54 -- Archivo: archive/APORTES PATRONALES-20231221075249.xml -- <?xml version="1.0" encoding="UTF-8"?><NS1:Envelope xmlns:NS1="http://schemas.xmlsoap.org/soap/envelope/"><NS1:Body><NS1:Fault><faultcode>E5004</faultcode><faultstring>Payment Upload Interface Error (Not valid XML or other technical error)</faultstring><faultactor>Client.Payload</faultactor><detail/></NS1:Fault></NS1:Body></NS1:Envelope>

Error: Contable 2023-12-21T07:53:53 -- Archivo: archive/SALARIOS-20231221075249.xml -- <?xml version="1.0" encoding="UTF-8"?><NS1:Envelope xmlns:NS1="http://schemas.xmlsoap.org/soap/envelope/"><NS1:Body><NS1:Fault><faultcode>E5004</faultcode><faultstring>Payment Upload Interface Error (Not valid XML or other technical error)</faultstring><faultactor>Client.Payload</faultactor><detail/></NS1:Fault></NS1:Body></NS1:Envelope>

Proceso: Santander -- Fecha: 2023-12-20T16:06:52 -- Archivo: archive/UPM_SANTANDER_PAYROLL_UY_201223152924.xml
Respuesta: <?xml version="1.0" encoding="utf-8"?><!-- Approval required --><!-- Processing time: 4 ms --><!-- Validation result: OK/OK --><Document xmlns="urn:iso:std:iso:20022:tech:xsd:pain.002.001.03"><CstmrPmtStsRpt><GrpHdr><MsgId>BTM-RSP-1703099212080-P</MsgId><CreDtTm>2023-12-20T19:06:52Z</CreDtTm></GrpHdr><OrgnlGrpInfAndSts><OrgnlMsgId>160UPMSA20231220160626</OrgnlMsgId><OrgnlMsgNmId>pain.001.001.03</OrgnlMsgNmId><OrgnlNbOfTxs>5</OrgnlNbOfTxs><GrpSts>ACTC</GrpSts></OrgnlGrpInfAndSts></CstmrPmtStsRpt></Document>
Data: <table class="table text-center"><thead><tr><th scope="col">LID</th><th scope="col">Pagos</th><th scope="col">$ Total</th><th scope="col">Company</th><th scope="col">Message ID</th><th scope="col"                           >Fecha</th></tr></thead><tbody><tr><td>160</td><td>5</td><td>$5,00</td><td>UPM S.A.</td><td>160UPMSA</td><td>Dec, 21</td></tr></tbody></table>

Error: Contable 2023-12-20T10:07:23 -- Archivo: archive/SALARIOS-20231220100713.xml -- <?xml version="1.0" encoding="UTF-8"?><NS1:Envelope xmlns:NS1="http://schemas.xmlsoap.org/soap/envelope/"><NS1:Body><NS1:Fault><faultcode>E5004</faultcode><faultstring>Payment Upload Interface Error (Not valid XML or other technical error)</faultstring><faultactor>Client.Payload</faultactor><detail/></NS1:Fault></NS1:Body></NS1:Envelope>

Error: Contable 2023-12-20T10:07:01 -- Archivo: Rutas no especificada

Error: Contable 2023-12-20T10:01:08 -- Archivo: archive/PROVISION SV-20231220095941.xml -- <?xml version="1.0" encoding="UTF-8"?><NS1:Envelope xmlns:NS1="http://schemas.xmlsoap.org/soap/envelope/"><NS1:Body><NS1:Fault><faultcode>E5004</faultcode><faultstring>Payment Upload Interface Error (Not valid XML or other technical error)</faultstring><faultactor>Client.Payload</faultactor><detail/></NS1:Fault></NS1:Body></NS1:Envelope>

Error: Contable 2023-12-20T10:01:06 -- Archivo: archive/PROVISION LICENCIA-20231220095941.xml -- <?xml version="1.0" encoding="UTF-8"?><NS1:Envelope xmlns:NS1="http://schemas.xmlsoap.org/soap/envelope/"><NS1:Body><NS1:Fault><faultcode>E5004</faultcode><faultstring>Payment Upload Interface Error (Not valid XML or other technical error)</faultstring><faultactor>Client.Payload</faultactor><detail/></NS1:Fault></NS1:Body></NS1:Envelope>

Error: Contable 2023-12-20T10:01:05 -- Archivo: archive/PROVISION AGUINALDO-20231220095941.xml -- <?xml version="1.0" encoding="UTF-8"?><NS1:Envelope xmlns:NS1="http://schemas.xmlsoap.org/soap/envelope/"><NS1:Body><NS1:Fault><faultcode>E5004</faultcode><faultstring>Payment Upload Interface Error (Not valid XML or other technical error)</faultstring><faultactor>Client.Payload</faultactor><detail/></NS1:Fault></NS1:Body></NS1:Envelope>

Error: Contable 2023-12-20T10:01:04 -- Archivo: archive/APORTES PATRONALES-20231220095941.xml -- <?xml version="1.0" encoding="UTF-8"?><NS1:Envelope xmlns:NS1="http://schemas.xmlsoap.org/soap/envelope/"><NS1:Body><NS1:Fault><faultcode>E5004</faultcode><faultstring>Payment Upload Interface Error (Not valid XML or other technical error)</faultstring><faultactor>Client.Payload</faultactor><detail/></NS1:Fault></NS1:Body></NS1:Envelope>

Error: Contable 2023-12-20T10:01:02 -- Archivo: archive/SALARIOS-20231220095941.xml -- <?xml version="1.0" encoding="UTF-8"?><NS1:Envelope xmlns:NS1="http://schemas.xmlsoap.org/soap/envelope/"><NS1:Body><NS1:Fault><faultcode>E5004</faultcode><faultstring>Payment Upload Interface Error (Not valid XML or other technical error)</faultstring><faultactor>Client.Payload</faultactor><detail/></NS1:Fault></NS1:Body></NS1:Envelope>

Error: Contable 2023-12-20T09:44:02 -- Archivo: archive/SALARIOS-20231220094323.xml -- <?xml version="1.0" encoding="UTF-8"?><NS1:Envelope xmlns:NS1="http://schemas.xmlsoap.org/soap/envelope/"><NS1:Body><NS1:Fault><faultcode>E5004</faultcode><faultstring>Payment Upload Interface Error (Not valid XML or other technical error)</faultstring><faultactor>Client.Payload</faultactor><detail/></NS1:Fault></NS1:Body></NS1:Envelope>

Fecha: 2023-12-15T17:29:11 -- Archivo: archive/UPM_SANTANDER_PAYROLL_UY_241123110341.xml
Respuesta: <?xml version="1.0" encoding="utf-8"?><!-- Approval required --><!-- Processing time: 2 ms --><!-- Validation result: OK/OK --><Document xmlns="urn:iso:std:iso:20022:tech:xsd:pain.002.001.03"><CstmrPmtStsRpt><GrpHdr><MsgId>BTM-RSP-1702672151288-T</MsgId><CreDtTm>2023-12-15T20:29:11Z</CreDtTm></GrpHdr><OrgnlGrpInfAndSts><OrgnlMsgId>165BIOFUELS20231215172907</OrgnlMsgId><OrgnlMsgNmId>pain.001.001.03</OrgnlMsgNmId><OrgnlNbOfTxs>4</OrgnlNbOfTxs><GrpSts>ACTC</GrpSts></OrgnlGrpInfAndSts></CstmrPmtStsRpt></Document>
Data: <table class="table text-center"><thead><tr><th scope="col">LID</th><th scope="col">Pagos</th><th scope="col">$ Total</th><th scope="col">Company</th><th scope="col">Message ID</th><th scope="col">Fecha</th></tr></thead><tbody><tr><td>165</td><td>4</td><td>$4,00</td><td>UPM Biofuels S.A.</td><td>165BIOFUELS</td><td>Nov, 27</td></tr></tbody></table>

Fecha: 2023-12-15T20:20:30 -- Archivo: archive/UPM_SANTANDER_PAYROLL_UY_241123110341.xml
Respuesta: <?xml version="1.0" encoding="utf-8"?><!-- Approval required --><!-- Processing time: 3 ms --><!-- Validation result: OK/OK --><Document xmlns="urn:iso:std:iso:20022:tech:xsd:pain.002.001.03"><CstmrPmtStsRpt><GrpHdr><MsgId>BTM-RSP-1702671630375-T</MsgId><CreDtTm>2023-12-15T20:20:30Z</CreDtTm></GrpHdr><OrgnlGrpInfAndSts><OrgnlMsgId>165BIOFUELS20231215202024</OrgnlMsgId><OrgnlMsgNmId>pain.001.001.03</OrgnlMsgNmId><OrgnlNbOfTxs>4</OrgnlNbOfTxs><GrpSts>ACTC</GrpSts></OrgnlGrpInfAndSts></CstmrPmtStsRpt></Document>
Data: <table class="table text-center"><thead><tr><th scope="col">LID</th><th scope="col">Pagos</th><th scope="col">$ Total</th><th scope="col">Company</th><th scope="col">Message ID</th><th scope="col">Fecha</th></tr></thead><tbody><tr><td>165</td><td>4</td><td>$4,00</td><td>UPM Biofuels S.A.</td><td>165BIOFUELS</td><td>Nov, 27</td></tr></tbody></table>

Fecha: 2023-12-15T19:47:34 -- Archivo: archive/UPM_SANTANDER_PAYROLL_UY_151223164300.xml
Respuesta: <?xml version="1.0" encoding="utf-8"?><!-- Approval required --><!-- Processing time: 2 ms --><!-- Validation result: OK/OK --><Document xmlns="urn:iso:std:iso:20022:tech:xsd:pain.002.001.03"><CstmrPmtStsRpt><GrpHdr><MsgId>BTM-RSP-1702669654671-T</MsgId><CreDtTm>2023-12-15T19:47:34Z</CreDtTm></GrpHdr><OrgnlGrpInfAndSts><OrgnlMsgId>160UPMSA20231215194731</OrgnlMsgId><OrgnlMsgNmId>pain.001.001.03</OrgnlMsgNmId><OrgnlNbOfTxs>4</OrgnlNbOfTxs><GrpSts>ACTC</GrpSts></OrgnlGrpInfAndSts></CstmrPmtStsRpt></Document>
Data: <table class="table text-center"><thead><tr><th scope="col">LID</th><th scope="col">Pagos</th><th scope="col">$ Total</th><th scope="col">Company</th><th scope="col">Message ID</th><th scope="col">Fecha</th></tr></thead><tbody><tr><td>160</td><td>4</td><td>$4,00</td><td>UPM S.A.</td><td>160UPMSA</td><td>Dec, 15</td></tr></tbody></table>

Fecha: 2023-12-13T19:42:29 -- Archivo: archive/UPM_SANTANDER_PAYROLL_UY_241123110445.xml
Respuesta: <?xml version="1.0" encoding="utf-8"?><!-- Approval required --><!-- Processing time: 3 ms --><!-- Validation result: OK/OK --><Document xmlns="urn:iso:std:iso:20022:tech:xsd:pain.002.001.03"><CstmrPmtStsRpt><GrpHdr><MsgId>BTM-RSP-1702496549520-T</MsgId><CreDtTm>2023-12-13T19:42:29Z</CreDtTm></GrpHdr><OrgnlGrpInfAndSts><OrgnlMsgId>165BIOFUELS20231213194221</OrgnlMsgId><OrgnlMsgNmId>pain.001.001.03</OrgnlMsgNmId><OrgnlNbOfTxs>4</OrgnlNbOfTxs><GrpSts>ACTC</GrpSts></OrgnlGrpInfAndSts></CstmrPmtStsRpt></Document>
Data: <table class="table text-center"><thead><tr><th scope="col">LID</th><th scope="col">Pagos</th><th scope="col">$ Total</th><th scope="col">Company</th><th scope="col">Message ID</th><th scope="col">Fecha</th></tr></thead><tbody><tr><td>165</td><td>4</td><td>$4,00</td><td>UPM Biofuels S.A.</td><td>165BIOFUELS</td><td>Nov, 28</td></tr></tbody></table>

Fecha: 2023-12-13T15:38:06 -- Archivo: archive/UPM_SANTANDER_PAYROLL_UY_241123110341.xml
Respuesta: <?xml version="1.0" encoding="utf-8"?><!-- Approval required --><!-- Processing time: 3 ms --><!-- Validation result: OK/OK --><Document xmlns="urn:iso:std:iso:20022:tech:xsd:pain.002.001.03"><CstmrPmtStsRpt><GrpHdr><MsgId>BTM-RSP-1702481886699-T</MsgId><CreDtTm>2023-12-13T15:38:06Z</CreDtTm></GrpHdr><OrgnlGrpInfAndSts><OrgnlMsgId>165BIOFUELS20231213153804</OrgnlMsgId><OrgnlMsgNmId>pain.001.001.03</OrgnlMsgNmId><OrgnlNbOfTxs>4</OrgnlNbOfTxs><GrpSts>ACTC</GrpSts></OrgnlGrpInfAndSts></CstmrPmtStsRpt></Document>
Data: <table class="table text-center"><thead><tr><th scope="col">LID</th><th scope="col">Pagos</th><th scope="col">$ Total</th><th scope="col">Company</th><th scope="col">Message ID</th><th scope="col">Fecha</th></tr></thead><tbody><tr><td>165</td><td>4</td><td>$4,00</td><td>UPM Biofuels S.A.</td><td>165BIOFUELS</td><td>Nov, 27</td></tr></tbody></table>

Error: 2023-12-13T15:36:35 -- Archivo: archive/UPM_SANTANDER_PAYROLL_UY_241123110341.xml -- <?xml version="1.0" encoding="UTF-8"?><NS1:Envelope xmlns:NS1="http://schemas.xmlsoap.org/soap/envelope/"><NS1:Body><NS1:Fault><faultcode>E5004</faultcode><faultstring>Payment Upload Interface Error (Not valid XML or other technical error)</faultstring><faultactor>Client.Payload</faultactor><detail/></NS1:Fault></NS1:Body></NS1:Envelope>

Error: 2023-12-13T15:36:04 -- Archivo: archive/UPM_SANTANDER_PAYROLL_UY_241123110341.xml -- <?xml version="1.0" encoding="UTF-8"?><NS1:Envelope xmlns:NS1="http://schemas.xmlsoap.org/soap/envelope/"><NS1:Body><NS1:Fault><faultcode>E5004</faultcode><faultstring>Payment Upload Interface Error (Not valid XML or other technical error)</faultstring><faultactor>Client.Payload</faultactor><detail/></NS1:Fault></NS1:Body></NS1:Envelope>

Fecha: 2023-12-13T15:18:25 -- Archivo: archive/UPM_SANTANDER_PAYROLL_UY_241123110341.xml
Respuesta: <?xml version="1.0" encoding="utf-8"?><!-- Approval required --><!-- Processing time: 3 ms --><!-- Validation result: OK/OK --><Document xmlns="urn:iso:std:iso:20022:tech:xsd:pain.002.001.03"><CstmrPmtStsRpt><GrpHdr><MsgId>BTM-RSP-1702480704875-T</MsgId><CreDtTm>2023-12-13T15:18:24Z</CreDtTm></GrpHdr><OrgnlGrpInfAndSts><OrgnlMsgId>165BIOFUELS20231213150926</OrgnlMsgId><OrgnlMsgNmId>pain.001.001.03</OrgnlMsgNmId><OrgnlNbOfTxs>4</OrgnlNbOfTxs><GrpSts>ACTC</GrpSts></OrgnlGrpInfAndSts></CstmrPmtStsRpt></Document>
Data: <table class="table text-center"><thead><tr><th scope="col">LID</th><th scope="col">Pagos</th><th scope="col">$ Total</th><th scope="col">Company</th><th scope="col">Message ID</th><th scope="col">Fecha</th></tr></thead><tbody><tr><td>165</td><td>4</td><td>$4,00</td><td>UPM Biofuels S.A.</td><td>165BIOFUELS</td><td>Nov, 27</td></tr></tbody></table>

Error: 2023-12-13T15:18:07 -- Archivo: archive/UPM_SANTANDER_PAYROLL_UY_241123110341.xml -- Acceso no autorizado

Error: 2023-12-13T15:17:36 -- Archivo: archive/UPM_SANTANDER_PAYROLL_UY_241123110341.xml -- Acceso no autorizado

Error: 2023-12-13T15:12:19 -- Archivo: archive/UPM_SANTANDER_PAYROLL_UY_241123110341.xml -- Acceso denegado

Error: 2023-12-13T15:03:06 -- Archivo: archive/UPM_SANTANDER_PAYROLL_UY_241123110341.xml -- Acceso denegado

Error: 2023-12-13T14:58:25 -- Archivo: archive/UPM_SANTANDER_PAYROLL_UY_241123110341.xml -- Acceso denegado

Error: 2023-12-13T14:41:28 -- Archivo: archive/UPM_SANTANDER_PAYROLL_UY_241123110341.xml -- Could not resolve host: igwtest.upm.c

Fecha: 2023-12-13T14:38:51 -- Archivo: archive/UPM_SANTANDER_PAYROLL_UY_241123110341.xml
Respuesta: <?xml version="1.0" encoding="utf-8"?><!-- Approval required --><!-- Processing time: 4 ms --><!-- Validation result: OK/OK --><Document xmlns="urn:iso:std:iso:20022:tech:xsd:pain.002.001.03"><CstmrPmtStsRpt><GrpHdr><MsgId>BTM-RSP-1702478331426-T</MsgId><CreDtTm>2023-12-13T14:38:51Z</CreDtTm></GrpHdr><OrgnlGrpInfAndSts><OrgnlMsgId>165BIOFUELS20231213143755</OrgnlMsgId><OrgnlMsgNmId>pain.001.001.03</OrgnlMsgNmId><OrgnlNbOfTxs>4</OrgnlNbOfTxs><GrpSts>ACTC</GrpSts></OrgnlGrpInfAndSts></CstmrPmtStsRpt></Document>
Data: <table class="table text-center"><thead><tr><th scope="col">LID</th><th scope="col">Pagos</th><th scope="col">$ Total</th><th scope="col">Company</th><th scope="col">Message ID</th><th scope="col">Fecha</th></tr></thead><tbody><tr><td>165</td><td>4</td><td>$4,00</td><td>UPM Biofuels S.A.</td><td>165BIOFUELS</td><td>Nov, 27</td></tr></tbody></table>

Fecha: 2023-12-12T17:39:22 -- Archivo: archive/UPM_SANTANDER_PAYROLL_UY_241123110341.xml
Respuesta: <?xml version="1.0" encoding="utf-8"?><!-- Approval required --><!-- Processing time: 2 ms --><!-- Validation result: OK/OK --><Document xmlns="urn:iso:std:iso:20022:tech:xsd:pain.002.001.03"><CstmrPmtStsRpt><GrpHdr><MsgId>BTM-RSP-1702402762521-T</MsgId><CreDtTm>2023-12-12T17:39:22Z</CreDtTm></GrpHdr><OrgnlGrpInfAndSts><OrgnlMsgId>165BIOFUELS20231212173919</OrgnlMsgId><OrgnlMsgNmId>pain.001.001.03</OrgnlMsgNmId><OrgnlNbOfTxs>4</OrgnlNbOfTxs><GrpSts>ACTC</GrpSts></OrgnlGrpInfAndSts></CstmrPmtStsRpt></Document>
Data: <table class="table text-center"><thead><tr><th scope="col">LID</th><th scope="col">Pagos</th><th scope="col">$ Total</th><th scope="col">Company</th><th scope="col">Message ID</th><th scope="col">Fecha</th></tr></thead><tbody><tr><td>165</td><td>4</td><td>$4,00</td><td>UPM Biofuels S.A.</td><td>165BIOFUELS</td><td>Nov, 27</td></tr></tbody></table>

Fecha: 2023-12-12T17:12:43 -- Archivo: archive/UPM_SANTANDER_PAYROLL_UY_241123110341.xml
Respuesta: <?xml version="1.0" encoding="utf-8"?><!-- Approval required --><!-- Processing time: 10 ms --><!-- Validation result: OK/OK --><Document xmlns="urn:iso:std:iso:20022:tech:xsd:pain.002.001.03"><CstmrPmtStsRpt><GrpHdr><MsgId>BTM-RSP-1702401163637-T</MsgId><CreDtTm>2023-12-12T17:12:43Z</CreDtTm></GrpHdr><OrgnlGrpInfAndSts><OrgnlMsgId>165BIOFUELS20231212170958</OrgnlMsgId><OrgnlMsgNmId>pain.001.001.03</OrgnlMsgNmId><OrgnlNbOfTxs>4</OrgnlNbOfTxs><GrpSts>ACTC</GrpSts></OrgnlGrpInfAndSts></CstmrPmtStsRpt></Document>
Data: <table class="table text-center"><thead><tr><th scope="col">LID</th><th scope="col">Pagos</th><th scope="col">$ Total</th><th scope="col">Company</th><th scope="col">Message ID</th><th scope="col">Fecha</th></tr></thead><tbody><tr><td>165</td><td>4</td><td>$4,00</td><td>UPM Biofuels S.A.</td><td>165BIOFUELS</td><td>Nov, 27</td></tr></tbody></table>
